<?xml version="1.0" encoding="UTF-8"?>
<robot generator="Robot 4.1.3 (Python 3.9.10 on win32)" generated="20220309 19:20:44.580" rpa="false" schemaversion="2">
<suite id="s1" name="loginTest" source="D:\Robot\TestCases\loginTest.robot">
<test id="s1-t1" name="Login Test">
<kw name="Open my browser" library="loginKeywords">
<arg>${url}</arg>
<arg>${browser}</arg>
<kw name="Open Browser" library="SeleniumLibrary">
<arg>${Siteurl}</arg>
<arg>${Browser}</arg>
<doc>Opens a new browser instance to the optional ``url``.</doc>
<msg timestamp="20220309 19:20:44.940" level="INFO">Opening browser 'chrome' to base url 'https://www.bdjobs.com/'.</msg>
<status status="PASS" starttime="20220309 19:20:44.939" endtime="20220309 19:20:55.001"/>
</kw>
<kw name="Sleep" library="BuiltIn">
<arg>5</arg>
<doc>Pauses the test executed for the given time.</doc>
<msg timestamp="20220309 19:21:00.013" level="INFO">Slept 5 seconds</msg>
<status status="PASS" starttime="20220309 19:20:55.001" endtime="20220309 19:21:00.014"/>
</kw>
<kw name="Maximize Browser Window" library="SeleniumLibrary">
<doc>Maximizes current browser window.</doc>
<status status="PASS" starttime="20220309 19:21:00.015" endtime="20220309 19:21:00.249"/>
</kw>
<status status="PASS" starttime="20220309 19:20:44.938" endtime="20220309 19:21:00.250"/>
</kw>
<kw name="Login" library="loginKeywords">
<arg>${email}</arg>
<arg>${password}</arg>
<kw name="Sleep" library="BuiltIn">
<arg>2</arg>
<doc>Pauses the test executed for the given time.</doc>
<msg timestamp="20220309 19:21:02.271" level="INFO">Slept 2 seconds</msg>
<status status="PASS" starttime="20220309 19:21:00.254" endtime="20220309 19:21:02.272"/>
</kw>
<kw name="Sleep" library="BuiltIn">
<arg>2</arg>
<doc>Pauses the test executed for the given time.</doc>
<msg timestamp="20220309 19:21:04.292" level="INFO">Slept 2 seconds</msg>
<status status="PASS" starttime="20220309 19:21:02.272" endtime="20220309 19:21:04.292"/>
</kw>
<kw name="Click Element" library="SeleniumLibrary">
<arg>${signIn_locator2}</arg>
<doc>Click the element identified by ``locator``.</doc>
<msg timestamp="20220309 19:21:04.298" level="FAIL">Variable '${signIn_locator2}' not found.</msg>
<status status="FAIL" starttime="20220309 19:21:04.293" endtime="20220309 19:21:04.300"/>
</kw>
<kw name="Sleep" library="BuiltIn">
<arg>2</arg>
<doc>Pauses the test executed for the given time.</doc>
<status status="NOT RUN" starttime="20220309 19:21:04.305" endtime="20220309 19:21:04.306"/>
</kw>
<kw name="Input Text" library="SeleniumLibrary">
<arg>${enter_username_textbox_locator}</arg>
<arg>${username}</arg>
<doc>Types the given ``text`` into the text field identified by ``locator``.</doc>
<status status="NOT RUN" starttime="20220309 19:21:04.306" endtime="20220309 19:21:04.306"/>
</kw>
<kw name="Sleep" library="BuiltIn">
<arg>2</arg>
<doc>Pauses the test executed for the given time.</doc>
<status status="NOT RUN" starttime="20220309 19:21:04.306" endtime="20220309 19:21:04.306"/>
</kw>
<kw name="Click Element" library="SeleniumLibrary">
<arg>${next_button_locator}</arg>
<doc>Click the element identified by ``locator``.</doc>
<status status="NOT RUN" starttime="20220309 19:21:04.306" endtime="20220309 19:21:04.307"/>
</kw>
<kw name="Sleep" library="BuiltIn">
<arg>2</arg>
<doc>Pauses the test executed for the given time.</doc>
<status status="NOT RUN" starttime="20220309 19:21:04.307" endtime="20220309 19:21:04.307"/>
</kw>
<kw name="Input Text" library="SeleniumLibrary">
<arg>${enter_password_button}</arg>
<arg>${password}</arg>
<doc>Types the given ``text`` into the text field identified by ``locator``.</doc>
<status status="NOT RUN" starttime="20220309 19:21:04.307" endtime="20220309 19:21:04.307"/>
</kw>
<kw name="Sleep" library="BuiltIn">
<arg>2</arg>
<doc>Pauses the test executed for the given time.</doc>
<status status="NOT RUN" starttime="20220309 19:21:04.307" endtime="20220309 19:21:04.307"/>
</kw>
<kw name="Click Element" library="SeleniumLibrary">
<arg>${submit_button_locator}</arg>
<doc>Click the element identified by ``locator``.</doc>
<status status="NOT RUN" starttime="20220309 19:21:04.308" endtime="20220309 19:21:04.308"/>
</kw>
<status status="FAIL" starttime="20220309 19:21:00.251" endtime="20220309 19:21:04.310"/>
</kw>
<kw name="Close my browser" library="loginKeywords">
<status status="NOT RUN" starttime="20220309 19:21:04.311" endtime="20220309 19:21:04.311"/>
</kw>
<kw name="Verify Succesfull login" library="loginKeywords">
<status status="NOT RUN" starttime="20220309 19:21:04.311" endtime="20220309 19:21:04.311"/>
</kw>
<status status="FAIL" starttime="20220309 19:20:44.935" endtime="20220309 19:21:04.312">Variable '${signIn_locator2}' not found.</status>
</test>
<status status="FAIL" starttime="20220309 19:20:44.583" endtime="20220309 19:21:04.314"/>
</suite>
<statistics>
<total>
<stat pass="0" fail="1" skip="0">All Tests</stat>
</total>
<tag>
</tag>
<suite>
<stat pass="0" fail="1" skip="0" id="s1" name="loginTest">loginTest</stat>
</suite>
</statistics>
<errors>
<msg timestamp="20220309 19:20:44.932" level="ERROR">Error in file 'D:\Robot\Keywords\loginKeywords.robot' on line 3: Processing variable file 'D:\Robot\Pages\locatorsPage.py' failed: Importing variable file 'D:\Robot\Pages\locatorsPage.py' failed: ModuleNotFoundError: No module named 'locatorsPage'
Traceback (most recent call last):
  None
PYTHONPATH:
  C:\Users\Raihan Mondol\AppData\Local\Programs\Python\Python39\Scripts\robot.exe
  C:\Users\Raihan Mondol\AppData\Local\Programs\Python\Python39\python39.zip
  C:\Users\Raihan Mondol\AppData\Local\Programs\Python\Python39\DLLs
  C:\Users\Raihan Mondol\AppData\Local\Programs\Python\Python39\lib
  C:\Users\Raihan Mondol\AppData\Local\Programs\Python\Python39
  C:\Users\Raihan Mondol\AppData\Local\Programs\Python\Python39\lib\site-packages
  C:\Users\Raihan Mondol\AppData\Local\Programs\Python\Python39\lib\site-packages\win32
  C:\Users\Raihan Mondol\AppData\Local\Programs\Python\Python39\lib\site-packages\win32\lib
  C:\Users\Raihan Mondol\AppData\Local\Programs\Python\Python39\lib\site-packages\Pythonwin</msg>
</errors>
</robot>
